[debug] [2023-09-24T04:43:32.447Z] ----------------------------------------------------------------------
[debug] [2023-09-24T04:43:32.450Z] Command:       C:\Program Files\nodejs\node.exe C:\Program Files\nodejs\node_modules\firebase-tools\lib\bin\firebase.js deploy
[debug] [2023-09-24T04:43:32.450Z] CLI Version:   12.5.4
[debug] [2023-09-24T04:43:32.451Z] Platform:      win32
[debug] [2023-09-24T04:43:32.451Z] Node Version:  v18.14.2
[debug] [2023-09-24T04:43:32.452Z] Time:          Sun Sep 24 2023 11:43:32 GMT+0700 (Indochina Time)
[debug] [2023-09-24T04:43:32.452Z] ----------------------------------------------------------------------
[debug] 
[debug] [2023-09-24T04:43:32.576Z] > command requires scopes: ["email","openid","https://www.googleapis.com/auth/cloudplatformprojects.readonly","https://www.googleapis.com/auth/firebase","https://www.googleapis.com/auth/cloud-platform"]
[debug] [2023-09-24T04:43:32.577Z] > authorizing via signed-in user (hoangvanbinhneu@gmail.com)
[debug] [2023-09-24T04:43:32.577Z] [iam] checking project tam-pvc-gia-da for permissions ["firebase.projects.get","firebasehosting.sites.update"]
[debug] [2023-09-24T04:43:32.580Z] > refreshing access token with scopes: []
[debug] [2023-09-24T04:43:32.582Z] >>> [apiv2][query] POST https://www.googleapis.com/oauth2/v3/token [none]
[debug] [2023-09-24T04:43:32.582Z] >>> [apiv2][body] POST https://www.googleapis.com/oauth2/v3/token [omitted]
[debug] [2023-09-24T04:43:32.975Z] <<< [apiv2][status] POST https://www.googleapis.com/oauth2/v3/token 200
[debug] [2023-09-24T04:43:32.975Z] <<< [apiv2][body] POST https://www.googleapis.com/oauth2/v3/token [omitted]
[debug] [2023-09-24T04:43:33.006Z] >>> [apiv2][query] POST https://cloudresourcemanager.googleapis.com/v1/projects/tam-pvc-gia-da:testIamPermissions [none]
[debug] [2023-09-24T04:43:33.006Z] >>> [apiv2][(partial)header] POST https://cloudresourcemanager.googleapis.com/v1/projects/tam-pvc-gia-da:testIamPermissions x-goog-quota-user=projects/tam-pvc-gia-da
[debug] [2023-09-24T04:43:33.007Z] >>> [apiv2][body] POST https://cloudresourcemanager.googleapis.com/v1/projects/tam-pvc-gia-da:testIamPermissions {"permissions":["firebase.projects.get","firebasehosting.sites.update"]}
[debug] [2023-09-24T04:43:34.170Z] <<< [apiv2][status] POST https://cloudresourcemanager.googleapis.com/v1/projects/tam-pvc-gia-da:testIamPermissions 200
[debug] [2023-09-24T04:43:34.170Z] <<< [apiv2][body] POST https://cloudresourcemanager.googleapis.com/v1/projects/tam-pvc-gia-da:testIamPermissions {"permissions":["firebase.projects.get","firebasehosting.sites.update"]}
[debug] [2023-09-24T04:43:34.172Z] >>> [apiv2][query] GET https://firebase.googleapis.com/v1beta1/projects/tam-pvc-gia-da [none]
[debug] [2023-09-24T04:43:34.587Z] <<< [apiv2][status] GET https://firebase.googleapis.com/v1beta1/projects/tam-pvc-gia-da 200
[debug] [2023-09-24T04:43:34.588Z] <<< [apiv2][body] GET https://firebase.googleapis.com/v1beta1/projects/tam-pvc-gia-da {"projectId":"tam-pvc-gia-da","projectNumber":"943921599596","displayName":"Tam PVC gia da","name":"projects/tam-pvc-gia-da","resources":{"hostingSite":"tam-pvc-gia-da","storageBucket":"tam-pvc-gia-da.appspot.com","locationId":"us-central"},"state":"ACTIVE","etag":"1_9a39d4e1-cd4c-47dd-88be-65a91321847f"}
[info] 
[info] === Deploying to 'tam-pvc-gia-da'...
[info] 
[info] i  deploying hosting 
[debug] [2023-09-24T04:43:34.617Z] >>> [apiv2][query] POST https://firebasehosting.googleapis.com/v1beta1/projects/-/sites/tam-pvc-gia-da/versions [none]
[debug] [2023-09-24T04:43:34.617Z] >>> [apiv2][body] POST https://firebasehosting.googleapis.com/v1beta1/projects/-/sites/tam-pvc-gia-da/versions {"status":"CREATED","labels":{"deployment-tool":"cli-firebase"}}
[debug] [2023-09-24T04:43:35.713Z] <<< [apiv2][status] POST https://firebasehosting.googleapis.com/v1beta1/projects/-/sites/tam-pvc-gia-da/versions 200
[debug] [2023-09-24T04:43:35.713Z] <<< [apiv2][body] POST https://firebasehosting.googleapis.com/v1beta1/projects/-/sites/tam-pvc-gia-da/versions {"name":"projects/943921599596/sites/tam-pvc-gia-da/versions/e5858d772faf5700","status":"CREATED","config":{},"labels":{"deployment-tool":"cli-firebase"}}
[info] i  hosting[tam-pvc-gia-da]: beginning deploy... 
[info] i  hosting[tam-pvc-gia-da]: found 152 files in build 
[debug] [2023-09-24T04:43:55.813Z] [hosting] uploading with 200 concurrency
[debug] [2023-09-24T04:43:57.223Z] [hosting] hash cache [YnVpbGQ] stored for 152 files
[debug] [2023-09-24T04:43:57.224Z] [hosting][hash queue][FINAL] {"max":1401,"min":8,"avg":342.32894736842115,"active":0,"complete":152,"success":152,"errored":0,"retried":0,"total":152,"elapsed":1408}
[debug] [2023-09-24T04:43:57.226Z] >>> [apiv2][query] POST https://firebasehosting.googleapis.com/v1beta1/projects/943921599596/sites/tam-pvc-gia-da/versions/e5858d772faf5700:populateFiles [none]
[debug] [2023-09-24T04:43:57.226Z] >>> [apiv2][body] POST https://firebasehosting.googleapis.com/v1beta1/projects/943921599596/sites/tam-pvc-gia-da/versions/e5858d772faf5700:populateFiles {"files":{"/favicon.ico":"eae62e993eb980ec8a25058c39d5a51feab118bd2100c4deebb2a9c158ec11f9","/logo192.png":"3ee59515172ee198f3be375979df15ac5345183e656720a381b8872b2a39dc8b","/logo512.png":"ee7e2f3fdb8209c4b6fd7bef6ba50d1b9dba30a25bb5c3126df057e1cb6f5331","/manifest.json":"aff3449bdc238776f5d6d967f19ec491b36aed5fb7f23ccff6500736fd58494a","/robots.txt":"bfe106a3fb878dc83461c86818bf74fc1bdc7f28538ba613cd3e775516ce8b49","/index.html":"4bbbf05dd83cbbf01dc4800ac171e2701f5407f87685022f8ccb6cf540f9c080","/static/css/main.cbfa3dbb.css":"aee4b43a3ab51e507d6e2734bbeab97457b49d0566bfdf42af294e7632c0140c","/asset-manifest.json":"e0e2e560c75f2ffcdbf6d2021078277546f22918ce573dd169c128ffed9b0cdc","/static/css/main.cbfa3dbb.css.map":"d2b884f6f36a93a74d114f7529cde1a71bdcc6a9d4effd565cd385cbde4fe158","/static/js/787.e3a1f9a1.chunk.js":"4ed83d149a18f5943174f89c94801dc48bf55742f8c9515907a9c338412fe378","/static/js/787.e3a1f9a1.chunk.js.map":"dde97c0bd02b3efc44cccc3dbcabc1a081c670f42ef7a8a7cd6f39ce7c4037bf","/static/js/main.375ee378.js.LICENSE.txt":"974d3dafb17daf42d1e6f30e1fe0aa38b1976dffde842a3271c5ad96efc8b7aa","/static/media/15.a6672c512b2c57e1dcfb.jpg":"bbeaa045bfa961dee00c548e92a2543e4a77a04a70e0eb30db694d67e5ec95f9","/static/media/41.5ae27aa75e8d9efa23a4.jpg":"a06e8f6a3a29ce11a39d826f75fc7ea0d1f5f2ea5dc797544e547a33068168da","/static/media/101.fc639d48d43f61c9623f.jpg":"ef1dc2f225e5b23dc7a71cc4bf2ece67a92f30375450fd8118f2b5d7f14deb47","/static/media/108.26324c992f4a893b34c2.jpg":"f36196b05bb55057eee4ebdcfd5923cb904b3270de50665b6a3be296168904db","/static/media/39.c8dc50bacb239463e017.jpg":"c0457fc5208620a73ce7688c0dbb34f36ff77a1d4ccf223468b60b5e3c6040c0","/static/media/38.8cdfa696e3b9e8f0ea56.jpg":"6d72f36ed2cf824d31b710ded37b054b6ae0e746450e033aa898e652e3f240b1","/static/media/111.c0b1a7cc4f5296d84370.jpg":"0932a8e7bc1daab13b509195ce32474fe3538691374d787c5281a67b3d703cd7","/static/media/01.89b910d47d4dfab7f583.jpg":"056a18c3dc3919dd83c19fe1149ecc7e301f6b6b6300742cc2630a727900669a","/static/media/107.9636542b140bf7a9ae10.jpg":"be0b3cc74eae437e498dad02471999b4e057a47d876c51cd5db84a1a8002a717","/static/media/21.0aed7afafd9eedb65556.jpg":"623aa0fc67056ae2f94e29eb2f7e8674e63f14fc74a1a4ac6ae77bd72b661e86","/static/media/09.41362df89a31eb6d6bf7.jpg":"c5b8b2fefdf1373685fffe65937aa3d6130417b2675c30ac2a2604edb5303ef7","/static/media/110.a0a2c901b3b106dbd698.jpg":"02dc704420816803cccdad295f8eaf69d68dc622d084584b0c7f29841e35f1d8","/static/media/37.53a861b5d22ca1bbfe80.jpg":"1f2fabbca92749ca09aa1ddf5f19e8f0b48ea419f15d8fe165887fd38d52611e","/static/media/42.b3ed1b553f02fc0b19af.jpg":"349943b36af20f1fe217dca8cf9a810f8e837509af6b712f44424ed53cd78a0f","/static/media/55.76ba03f1088645a8efa9.jpg":"dada3e26f2cc590f73a9c821184fa3e271775894d64089cf344a3aba1e702750","/static/media/03.93aec2dc31a235ff879d.jpg":"c7d5d537a16a39009b788d0ccfb4ca0c9153706a43eea64b5ecee7d33bc2546e","/static/media/02.198412873715a105e763.jpg":"fdafcce835e81ccd4ddb2962b1fa38f3a3977191700cacbe59ca58210fe57fb7","/static/media/08B.985043a8ca72d2377bee.jpg":"5d5a00c07e7391e79cff1f9247e3ac3d4f6ee7f1b8785c099afb7ef4b661e615","/static/media/10.988c1e3fc1a4bb41be7a.jpg":"28c5b0661beeb9cff5f87412f306a4e7109d28d9f18c133e8b6e286a709da9dc","/static/media/14B.60980fdcee12fa781c83.jpg":"6ce471719bd28a95eb14605c10ede83634ca2150315afecdaae913a55caafbc8","/static/media/18.08939bda9ae8a29314e1.jpg":"72e902d5567bb7d3198f275cce272cd2576295bbda643c4fd90f3f2a225a1e83","/static/media/29.880c07b3740f72ff4f0c.jpg":"bd9bd99f1afd80ffd27fbeb0477aa09e51239a81abbd7ab7fa228de17a311881","/static/media/35.1c1a7c1f1f52603d6419.jpg":"bf413c2b767f532000c0d63525cb07840a048f372e54e5c831836a6ea7305792","/static/media/47.a7d14192f7929509161e.jpg":"162440f08901e3a9eabaafb2aacb620a285047544bb717a24c2f7886dd718f5b","/static/media/109.72abd05fd84f50fab57f.jpg":"73aa7b28ab5fedef9fb21ec1ad11177bd9955ed3c138019f84763a8a79b03634","/static/media/20.a354c879e1a56713a4d9.jpg":"73d8cfad380f8dde02f7f475a1a1da1e81a46e47e792fc5be7ed5f737f8ef5a4","/static/media/06.85569cadfaf62a5720e5.jpg":"4ea127a1b274f525f97baa01d36b04db15a9a9176a9920b37c20d7884b12a9a5","/static/media/13.2d2dec9a4c8e2342b140.jpg":"31a836e69cbb222de7469c54a723dde73b78becac694a373593908eca515ff84","/static/media/24.b95cd0cf387b9285eea7.jpg":"23a560f2e60c07df405a31ed1cb4b4aaeb09b80d8888b9d24e9b9e9b02a97f55","/static/media/43.00e9126702ddf63b7cfe.jpg":"bf22304aa4a546eefc4387f5c64537d5b56deca6318181668a1b159c1af480fa","/static/media/04.0713b3a4a7c6e52a4fd1.jpg":"59ff46ce099ff2364433b05f80377b78ed868ab118ae7acb3d4d50e57067375f","/static/media/05.dc29c3bbeb2b6dcf251e.jpg":"d51e65d8d643f2dce1d2ebbb2317546e270d3d7ea04e4a3f3b9856265b216ed9","/static/media/59B.1226268fedfa4d60b981.jpg":"971bf34d8a401b35e07d52eb739fa9ac2e433c9dfe8f0b921e98b4201e12b998","/static/media/53.939df488459adab6b4e3.jpg":"35d30e4ff6c4dcb497b3c64ceb8f35ccb3e3b3cd7c1242f415d2739bc8ac3027","/static/media/52.816fc58521b050cd2483.jpg":"5806fa226f9971e1447aed08675d8a1daf2f9447bef5ec1a7c91f19659e73a06","/static/media/15B.0fe707895e04883a5dbb.jpg":"d7c837210c2f801e3773e5606f55934ac7b98bb39ed7e66b2d8db66dda6b523a","/static/media/65.f25375d2905888eaa8c3.jpg":"fab752acbe956c9a625c5d7a8d4c252c3d701a364691ba0c491bb19730ea8c09","/static/media/5007-2.a415768ea646689e4914.jpg":"e599cd4a269f2e4f947cd11a4f2c03e5c15a1f4fb472435c605ce1f596c66d3c","/static/media/58.525b014540e2dc025793.jpg":"4669b876bc89c86e43ca3aa5d254d1cdbe1a850e1935db5bf3933381654d92bb","/static/media/59.c509ccca4d1aee290b24.jpg":"e8b4beaa4ee514ffd3020a61e3dd6186d5419092d96110d79df6ee749f0a3ac6","/static/media/12.c46bcdd6296e5036e189.jpg":"8fd74ae8cad7c71a7cbfb7896122d2d904a700d69619d7f46d8ea67a12dcc91d","/static/media/68.461cb6f21714a2568ebd.jpg":"c9ffb0d0d1b7bce235c5a27b1cf30c551393ee1a4f326d89c0282eb9da6f2d83","/static/media/73.94454de5f15abc814822.jpg":"cb5d4ea4c898170a7048ad2d3f3711a18f4226894d109d023970797904ee39cd","/static/media/27.54765536a5e3cf677b27.jpg":"9226e468b5c566966cfc22172d15d622be9b09d29fbbf91ad44d3e1059f60dd0","/static/media/56.55da2b5bf0aa5e4ba173.jpg":"6bc2d9d512c73f9d3ae403583df99d52ed26624b52d7be00b4eefee7991d85a9","/static/media/25.497cfee4a3991aed2af9.jpg":"217a131be46a1d1eb58bb24211ed266ad25ac92147c1b9f67d84abe00fcadc0f","/static/media/30.0ec6b9647b053ff85b8b.jpg":"e044930f0933adf19856e5273e55bb86fca260bc82456a76b6410852a21b5565","/static/media/63.1f065471666ee6aba306.jpg":"1aa11c473f5756dc95c8619b3ca8db86e081beebe49b1af8522da22a39058882","/static/media/77.b709037f6890adb64f2b.jpg":"dec06459c9e1f22cfb924d0bb761652bd27fe238f5e1ff21fc36b42071dbabfb","/static/media/50.ce5e2ca3fc18abcb79d1.jpg":"8401e721e1869f26cb4f3eab431569ccf91fd64a452bed18cde14132062ee8bf","/static/media/67.28a602432aa599bc5591.jpg":"5dd42785b158bddde99eb119a5caa311777ce32bcc455255e58c073f7174a096","/static/media/71.0c9658cdbd57be275648.jpg":"90dfec3e7da0e86e4867255c5140aca2d7a55e39bf27768205262fe36b224478","/static/js/main.375ee378.js":"d34bd720ecd4035e89b93d1fecb71d6751213e6fbd780f0275a44301792b0777","/static/media/100.5e170bd15626cf343516.jpg":"78b75172aec046480e15559e0d838cd2a83a38fbc9cbb82614c6daca00d65f54","/static/media/A816.aa9cef99e56e7f308be3.jpg":"9071e4d9b2f2e7f7af4169a7de4505ed98161c2d237a898550ccda90ca859d9c","/static/media/77B.bb930c9c6252c1ee68fe.jpg":"7d459e604a69cd6618055845145010c0cabad790db744318223fbc7967b96bf0","/static/media/93.d82f138df7f45966ff60.jpg":"15f9152bb6a76aaf3185cfa4419283b5c0ac02fa7105acf43be3ee34f9bc3cde","/static/media/54.7feeeff9f595e68f08ef.jpg":"8dc5d576088fc27b362eb7618dabd2d1ef15c59cd384ebcfe8e003f68d22790e","/static/media/90.947c45205329f388d72a.jpg":"764010a4238d72efecf7d54526046ae041612add558372f9bb73d4529cd20d37","/static/media/95.7340809310e0c3999953.jpg":"23d0206ca7f2a7e1f051f282c34d3174ce41d7a3153b25b5bbfcb827467807fb","/static/media/75.96867e2ebacc091a1c65.jpg":"fbddd05ff90a4b2378b87259dcd79b08f34540d34bc694c0031f1de65bead6b5","/static/media/61.fb62b3ed280b738b728a.jpg":"cd6630c8088317e370757e6bf6fca082a7a854e7a14a45ec16f79f73cc25951c","/static/media/FX14.2eee8ef0ee9e996a8b69.jpg":"c5a6c45a639cec2f68e84389c8b06cb65cc443bddb3ef5b1d7dbf4fada037e1c","/static/media/96.cf2064096c9154dee1c0.jpg":"f1cb41934ae77abcde1d4a58ba80a0b463d85c833a7f63a7affbd6335edc5f7c","/static/media/FX14.81702103e89897034178.jpg":"711f2fbe5b55acd7ebaaea5c98d538930af1a96f8ee9d28b2e404bf58846c34f","/static/media/C2004.b726c6df5c16f2bf63f1.jpg":"2f03691913141d2c34e4ac05a7e2c4ebae1e86118056971cf5da3241eeedc55d","/static/media/C2005.5635cec337a8973b3542.jpg":"4a29fceb268923ce59dc245d9ff6000f99ed7d086ad102b817c8cdbe0d3e3c5c","/static/media/66.3cc28035e5fe1904c9fb.jpg":"50a5c7d515123881ed5d6ddaf32230bc18c7d63fedef81de8e52d6f402fdb272","/static/media/82.67ee6ff2bcec7a16117e.jpg":"a79205e959d4b8eb17fdff2fe81968086710a1353da31e9c9b9c1c3e70362ec9","/static/media/87.077a503e24ce32847f3b.jpg":"a796b46d2f011c2032b9bd31b237214fb30ce6b3e73b0e79a9d190e1807a7e89","/static/media/E1004.351c7a1e0e19c37868dc.jpg":"da4351af14f3ccc0ccf44d3a43a7ffe0659b45639d173334eea9186e8febbeef","/static/media/C2004.fec68142f6ae245929fa.jpg":"643bd919aa2ecb94b0570e2f7b3a3a1358ea0c11f0ea2f2353d4aa48ccc75647","/static/media/C2004.15d9f6ad06b2f5cd27c2.jpg":"3766adb959592b3db455ed9324553970ccf478040b859186aa2bcebcdd75d30a","/static/media/98.e3654bd2803af6959548.jpg":"788a1bd9de742baea8c124efd8ba4d8cef67a5877d28b5aa775bff89b33c9516","/static/media/79.da301dba11a10588d619.jpg":"67b5a31528ef9dcf7466e1bb6b4f34a5717ebeeb2c873274c6d922f52e2bbe08","/static/media/86.a0a6263444d7dac08f9b.jpg":"60c7d5e5cbd2be4e6bd88a7ca3ee49ad7462a05be3ad92117e70c6f82c589946","/static/media/81.151f75642507ce77dd22.jpg":"69a9e16f35a2d6a5cdf1fa18b93a4994af608f9068ee6d66e110e68a0f75f5fd","/static/media/97.387bdaf6723185900df8.jpg":"841a20e67b353b57c87cd02199dad57bb119c6f5b97d359e6f160776f78263bf","/static/media/abu.27786f28bb8a932bef8a.jpg":"85efbc1605b15750746c7ec0069c0effb5bfce15ebdc42a0bc760443d931b395","/static/media/83.d773bf89111bb308b23f.jpg":"75ccab6b48f73516e1835b35e8ca763dfc03e81e98646b5898cdcdedacf4c389","/static/media/FX237.d39b5d2c53cd335ba0d3.jpg":"e2de5a7ef575794f0217738ffbfd6d204f73e10a78ae52fa504a75f47837d4bd","/static/media/79B.a604d11082f8a92d9ccd.jpg":"ec80e221baef4322bc19d59c8f2dba311397148926d98712809cf277a1db078b","/static/media/FX237.2569c64066b6003178d2.jpg":"20e29b83f81d95d8d84bd6f7842448c8062af011173d6a736bed51015452c9d9","/static/media/FX237.b33794395c6ebe7859cd.jpg":"e21964f01f0796bd3c52d6cc6948c434bb462630f6ee428348529fe1ff4321c9","/static/media/FX15.6190c6ad39ee828703e5.jpg":"64f31a2f6dc63a70dee4d817c7a6c8e8735612c2fc9d8500d2bcf7f2f638c39a","/static/media/FX34.42cc452473c3dc3af300.jpg":"24c9d4850847ec6c2ee1154f2eed948cef2b99bc586008841a59f53cbdb0f9ae","/static/media/FX19.267790a9fe7b1b0fd291.jpg":"74936ae688f49667c043821d178c7c0c2cf8d580549d7f6824dcdbc595f54d2c","/static/media/FX15.1e1fd0b3de378edd1893.jpg":"7557e907d929f29eedb50b092cbb2db7ecb2ed9b2a10cd95c444df916b9429f8","/static/media/FX34.6f3ff4b80a1381f14a8a.jpg":"47bb42e19eb9f622a46b269a1f78d647a10fa600d3b32f41f5c39734fe5ad85e","/static/media/FX49.2821ceb73e7cc033ada7.jpg":"1074a75fb96e8047e1c225e0b9a21556334573ed2b3d4b9a7217d2d4b45842f3","/static/media/nepNhom.545e62e6013ab55f8c9b.jpg":"d2d004c90e9ca02017384772d5b722d75dd2465b6f036c41913b000092b8a93f","/static/media/HJL.d12f2b515ea5d57474c1.jpg":"1be42bd1c11115ba2a65e7e553738c05cec6060fbb8f65a7c5a2c0894731fd00","/static/media/FX14.9f7eaccdbdc0f920043b.jpg":"e801529b862d4076c2fd1bce835a9f3d9008ff23f41455d89b5730dc6ccc0989","/static/media/94.bb410bc52930480ca889.jpg":"78b7b173fc1beec3ba64b9c64587393e1941ec060a218aed0b9eeb2a4833f3b2","/static/media/FX237.977b8d550f7940c81c8d.jpg":"51c853d01d35d52880de8ee9d14f8bad829500206c5de557ed98e0bfd6147e89","/static/media/FX34.d8fa0b6b34563aa6f4e2.jpg":"ffd34bd337adafd45e72491c9d6788812131a335e71335f193db1034119487e1","/static/media/FX866.56f0fb0e02cad521772e.jpg":"edfdb063aec1c2036388d4592b70926b1224f02293aabfd28181af4023b56fe2","/static/media/FX15.bd0737471b062eb6dc67.jpg":"737bb2df07f75cc1a583fab8cc64c6a9be654ced7e9900930d5c3a7655db331d","/static/media/88.018585a964d751daeb76.jpg":"602d3aa581f7fbd99c8e44b2bb42388aeae2d4f7097ba059eab518683c6c37cf","/static/media/HY-102.7414dfe0ecd275a6c131.jpg":"0052c804eb7285585711693bed32120b6665fc759e7bab4cfe1fead4cf28658d","/static/media/HJL.c2cec14a6c4c4b1e5600.jpg":"a73137bf0aab2de0916a31fe6f3385e8c121bdfa8222f501cfa754fcf07aa66d","/static/media/HJL.e46d57cb461b1f778be8.jpg":"8a28c418bafd8efff9f916c3d9db069828d1322b64476ee2c0d94c53ce815c28","/static/media/FX49.407325a8e9fd42c05a2b.jpg":"1b89977e8e383c406d5b8e28de797aec778a823dd7059c79f3207e678c886fec","/static/media/HY-102.7a72f39608f4bd850890.jpg":"c51a2d591d250ad6e444eecc8ba37352b78371f4704d29c33f3fa4cd56560656","/static/media/FX34.5a027610181468029cdd.jpg":"613f3a09e733dde31324d6bd65f037b28841dc7288b21be5a9890a43ecdd1973","/static/media/VD105.487cc595e373459c92a2.jpg":"9607e54cb71c31498e2477a89bbccc483e15a912f6846db517851e08665e73a8","/static/media/KJM.33821751f761c026bd5c.jpg":"9f4d87c8c052314725a946d68ac689e44f94dbba651eb127f55c0d0d3185476e","/static/media/nepMauDong.62cf5bc963c8cee22237.jpg":"2aff803a2ba871d3013bac80b76d8358fa75b94725bb3a4682685e14bffda1e1","/static/media/HJL.c7b9091ceb6394f74b22.jpg":"aae66701c2a0457cf3a5f0871bb11f1bb13f001d96905ea0598d0e5d467c5b24","/static/media/VD103.c9bed51c5d561c0d63c5.jpg":"b675026d865b5fd2c92126306785cffd7f64a6fc336a84d9a38dc1ca897f8fe5","/static/media/VD102.62cae4c1cd09231c6c99.jpg":"2c333b2bdb6f4eef47ac2f2853446c9f5cf6a39c41d0e1c263496aad8583247b","/static/media/keo2mat.d98e6af4574ed41cd280.jpg":"9a76b4f6c46050761d1ab684d79f33621f28364cb15e925763f5ad6cf960cd37","/static/media/HY-102.ab5642d180e9f0a9ad17.jpg":"1e1e70050dd1985f78faf0c44bdbf054fc8e769d61ef3c0d1eab54dc406d798c","/static/media/VD104.cf7d301d9a1687a1aef6.jpg":"615039f3bde2e5fd5a0edc43eead90d2e3d1e599fb93ecf7b1e35c7ce9d9f87d","/static/media/33.c7caeb0eb017d2caff12.png":"7ce817a76ae5128be40585c6cc3884cd0fbe784f22b8a9b41d6144030f035ab7","/static/media/VD11.0d7a266e4b402f26f7d8.jpg":"e9419d970bed70c743018ca812f390fec22ffccb164e454c9f90ae31b87d4a59","/static/media/P34.26a3a019ee940ae8c65a.png":"aa11f7bcba2c0b306171c356bc0ed822d81a916ac7ddebacf8c2b06a9945964c","/static/media/P29.d189ac1c9443fdccffd3.png":"90049bf12314c730a94ce662e2ad180690a3d867a59b7e15242b4ae134246375","/static/media/KL8074.8cd4c3e5ebcab19879f1.png":"5bc021af966c0828c621996b8a6c99dd2440d71bf8acb6f7ce5178edccf506f0","/static/media/KL8079.e520a9e49834e260d3d3.png":"fc173d9dadccbaf34f6c0f5358a17d0a7812cf43d9910290595675c5523385d2","/static/media/P20.02b4c12de4a218390ee2.png":"6c326d248503033d2353ae00d2191d286aaaa1649b5f6a642e4a4de248986ac5","/static/media/P66.5877c2797fe35a3bae76.png":"bdad2efb9a53ef9eeb4872659bf6094027ba6844021089f370f055675e649b5a","/static/media/P12.8836d65dfaad5f64769b.png":"d0561c35d69ba292f140368213e0aa58b9fb3c8483228ea942da9056e4e049ff","/static/media/P14.ed3cd4585e98113c481e.png":"1373bac5bfc0cd1c66b8187c76b2181aa5808417714a9ff1be3e934b8dd218f2","/static/media/74.181a9dfc9d0eccb2511e.png":"bdb162d305701c123616370ec99e58e6221394b916a028cb9eee76032226d06b","/static/media/P89.53d39f4171111cb654da.png":"5d482b9a08c6a6d18759790999a46c940e3bfbcbd3f1ca1014c6d51438c8bc57","/static/media/P33.49df49a5fb3ee3e06505.png":"34e8b2314c6be0cecaf16fd3c034afad3b7a43ddd931917510ee7b790257a846","/static/media/P92.a98bc296ec8ed423660f.png":"04b20e5ddadd2141a382202cd4918f3b948e9174a94b400113f01477610342c6","/static/media/P17.a8579bfa1c2e91f3e86e.png":"792dc6f44fed6255ff89a68b0d2c86afbe6859c9814a7fd54ce270b8c3979414","/static/media/P16.f327923914daafd34611.png":"e75949b97ec9c54f34ef1290aab49bcc4ed73c6941e3c8b5906fd4d26b166498","/static/media/VD78.478f8bf4e114b8c21735.png":"3a8b6846163ec1a8eded214766e6c6991a886c61a1a5bdc315fb1a619e613769","/static/media/P55.93b3461ac9a99c0ca11f.png":"8191c4c2144719a0328c426b5424b27508718adf49954e69db80761f427d4347","/static/media/keInox.24d9b9f07fa0a9d88f9f.jpg":"cf6263402c67bf70f18c150a0ccd8130d0078b6b2b916facc9057d21178cee3a","/static/media/VD32.6e4719ccb8715258c2c9.png":"af01a164333d03af2c9c39230173f0cd68b0e122ad5188fc168026bc5a0dbbba","/static/media/P52.1a7b55909f7d0d296f7e.png":"cbdef70f6b4386358487978186f9583a9ae61b1345a65b834ced9c1bfc0d33da","/static/media/P86.5cccc482b1a3f868fa7f.png":"51d240e471bca5910b464af1133b9393a5e98e53ffb1bd2148f9f86e9d8a5595","/static/media/nepMauDen.828de5fedd06016b9225.png":"4d5909c5979f965aef54ea7aedd95103cde85ef660301520dbcaeca96462b52f","/static/media/17.e7b7170e0a49110fe008.jpg":"501b93872c75efe49bf1a30ff4d56b6961ea283eee70667abebb44c250ae3de1","/static/media/23.78422f7ad54541a64748.jpg":"d8ebd64e480a844da155427049724041d1315d3d161c5bed532b31bc1858711f","/static/js/main.375ee378.js.map":"793a504914fb15be914071d99199da755d86bc63e27073cacc7c0ce6119f4dbd"}}
[debug] [2023-09-24T04:43:58.043Z] <<< [apiv2][status] POST https://firebasehosting.googleapis.com/v1beta1/projects/943921599596/sites/tam-pvc-gia-da/versions/e5858d772faf5700:populateFiles 200
[debug] [2023-09-24T04:43:58.043Z] <<< [apiv2][body] POST https://firebasehosting.googleapis.com/v1beta1/projects/943921599596/sites/tam-pvc-gia-da/versions/e5858d772faf5700:populateFiles {"uploadRequiredHashes":["aee4b43a3ab51e507d6e2734bbeab97457b49d0566bfdf42af294e7632c0140c","d2b884f6f36a93a74d114f7529cde1a71bdcc6a9d4effd565cd385cbde4fe158","e0e2e560c75f2ffcdbf6d2021078277546f22918ce573dd169c128ffed9b0cdc","4bbbf05dd83cbbf01dc4800ac171e2701f5407f87685022f8ccb6cf540f9c080"],"uploadUrl":"https://upload-firebasehosting.googleapis.com/upload/sites/tam-pvc-gia-da/versions/e5858d772faf5700/files"}
[debug] [2023-09-24T04:43:58.046Z] >>> [apiv2][query] POST https://upload-firebasehosting.googleapis.com/upload/sites/tam-pvc-gia-da/versions/e5858d772faf5700/files/aee4b43a3ab51e507d6e2734bbeab97457b49d0566bfdf42af294e7632c0140c [none]
[debug] [2023-09-24T04:43:58.046Z] >>> [apiv2][body] POST https://upload-firebasehosting.googleapis.com/upload/sites/tam-pvc-gia-da/versions/e5858d772faf5700/files/aee4b43a3ab51e507d6e2734bbeab97457b49d0566bfdf42af294e7632c0140c [stream]
[debug] [2023-09-24T04:43:58.048Z] >>> [apiv2][query] POST https://upload-firebasehosting.googleapis.com/upload/sites/tam-pvc-gia-da/versions/e5858d772faf5700/files/d2b884f6f36a93a74d114f7529cde1a71bdcc6a9d4effd565cd385cbde4fe158 [none]
[debug] [2023-09-24T04:43:58.049Z] >>> [apiv2][body] POST https://upload-firebasehosting.googleapis.com/upload/sites/tam-pvc-gia-da/versions/e5858d772faf5700/files/d2b884f6f36a93a74d114f7529cde1a71bdcc6a9d4effd565cd385cbde4fe158 [stream]
[debug] [2023-09-24T04:43:58.051Z] >>> [apiv2][query] POST https://upload-firebasehosting.googleapis.com/upload/sites/tam-pvc-gia-da/versions/e5858d772faf5700/files/e0e2e560c75f2ffcdbf6d2021078277546f22918ce573dd169c128ffed9b0cdc [none]
[debug] [2023-09-24T04:43:58.051Z] >>> [apiv2][body] POST https://upload-firebasehosting.googleapis.com/upload/sites/tam-pvc-gia-da/versions/e5858d772faf5700/files/e0e2e560c75f2ffcdbf6d2021078277546f22918ce573dd169c128ffed9b0cdc [stream]
[debug] [2023-09-24T04:43:58.053Z] >>> [apiv2][query] POST https://upload-firebasehosting.googleapis.com/upload/sites/tam-pvc-gia-da/versions/e5858d772faf5700/files/4bbbf05dd83cbbf01dc4800ac171e2701f5407f87685022f8ccb6cf540f9c080 [none]
[debug] [2023-09-24T04:43:58.054Z] >>> [apiv2][body] POST https://upload-firebasehosting.googleapis.com/upload/sites/tam-pvc-gia-da/versions/e5858d772faf5700/files/4bbbf05dd83cbbf01dc4800ac171e2701f5407f87685022f8ccb6cf540f9c080 [stream]
[debug] [2023-09-24T04:43:58.055Z] [hosting][populate queue][FINAL] {"max":825,"min":825,"avg":825,"active":0,"complete":1,"success":1,"errored":0,"retried":0,"total":1,"elapsed":834}
[debug] [2023-09-24T04:43:58.055Z] [hosting] uploads queued: 4
[debug] [2023-09-24T04:43:59.261Z] <<< [apiv2][status] POST https://upload-firebasehosting.googleapis.com/upload/sites/tam-pvc-gia-da/versions/e5858d772faf5700/files/d2b884f6f36a93a74d114f7529cde1a71bdcc6a9d4effd565cd385cbde4fe158 200
[debug] [2023-09-24T04:43:59.261Z] <<< [apiv2][body] POST https://upload-firebasehosting.googleapis.com/upload/sites/tam-pvc-gia-da/versions/e5858d772faf5700/files/d2b884f6f36a93a74d114f7529cde1a71bdcc6a9d4effd565cd385cbde4fe158 [stream]
[debug] [2023-09-24T04:43:59.272Z] <<< [apiv2][status] POST https://upload-firebasehosting.googleapis.com/upload/sites/tam-pvc-gia-da/versions/e5858d772faf5700/files/aee4b43a3ab51e507d6e2734bbeab97457b49d0566bfdf42af294e7632c0140c 200
[debug] [2023-09-24T04:43:59.272Z] <<< [apiv2][body] POST https://upload-firebasehosting.googleapis.com/upload/sites/tam-pvc-gia-da/versions/e5858d772faf5700/files/aee4b43a3ab51e507d6e2734bbeab97457b49d0566bfdf42af294e7632c0140c [stream]
[debug] [2023-09-24T04:43:59.359Z] <<< [apiv2][status] POST https://upload-firebasehosting.googleapis.com/upload/sites/tam-pvc-gia-da/versions/e5858d772faf5700/files/e0e2e560c75f2ffcdbf6d2021078277546f22918ce573dd169c128ffed9b0cdc 200
[debug] [2023-09-24T04:43:59.359Z] <<< [apiv2][body] POST https://upload-firebasehosting.googleapis.com/upload/sites/tam-pvc-gia-da/versions/e5858d772faf5700/files/e0e2e560c75f2ffcdbf6d2021078277546f22918ce573dd169c128ffed9b0cdc [stream]
[debug] [2023-09-24T04:43:59.461Z] <<< [apiv2][status] POST https://upload-firebasehosting.googleapis.com/upload/sites/tam-pvc-gia-da/versions/e5858d772faf5700/files/4bbbf05dd83cbbf01dc4800ac171e2701f5407f87685022f8ccb6cf540f9c080 200
[debug] [2023-09-24T04:43:59.462Z] <<< [apiv2][body] POST https://upload-firebasehosting.googleapis.com/upload/sites/tam-pvc-gia-da/versions/e5858d772faf5700/files/4bbbf05dd83cbbf01dc4800ac171e2701f5407f87685022f8ccb6cf540f9c080 [stream]
[debug] [2023-09-24T04:43:59.463Z] [hosting][upload queue][FINAL] {"max":1416,"min":1217,"avg":1293.75,"active":0,"complete":4,"success":4,"errored":0,"retried":0,"total":4,"elapsed":1419}
[info] +  hosting[tam-pvc-gia-da]: file upload complete 
[debug] [2023-09-24T04:43:59.468Z] [hosting] deploy completed after 3731ms
[debug] [2023-09-24T04:43:59.468Z] [
  {
    "config": {
      "public": "build",
      "ignore": [
        "firebase.json",
        "**/.*",
        "**/node_modules/**"
      ],
      "rewrites": [
        {
          "source": "**",
          "destination": "/index.html"
        }
      ],
      "site": "tam-pvc-gia-da"
    },
    "version": "projects/943921599596/sites/tam-pvc-gia-da/versions/e5858d772faf5700"
  }
]
[info] i  hosting[tam-pvc-gia-da]: finalizing version... 
[debug] [2023-09-24T04:43:59.476Z] >>> [apiv2][query] PATCH https://firebasehosting.googleapis.com/v1beta1/projects/-/sites/tam-pvc-gia-da/versions/e5858d772faf5700 updateMask=status%2Cconfig
[debug] [2023-09-24T04:43:59.477Z] >>> [apiv2][body] PATCH https://firebasehosting.googleapis.com/v1beta1/projects/-/sites/tam-pvc-gia-da/versions/e5858d772faf5700 {"status":"FINALIZED","config":{"rewrites":[{"glob":"**","path":"/index.html"}]}}
[debug] [2023-09-24T04:44:00.111Z] <<< [apiv2][status] PATCH https://firebasehosting.googleapis.com/v1beta1/projects/-/sites/tam-pvc-gia-da/versions/e5858d772faf5700 200
[debug] [2023-09-24T04:44:00.112Z] <<< [apiv2][body] PATCH https://firebasehosting.googleapis.com/v1beta1/projects/-/sites/tam-pvc-gia-da/versions/e5858d772faf5700 {"name":"projects/943921599596/sites/tam-pvc-gia-da/versions/e5858d772faf5700","status":"FINALIZED","config":{"rewrites":[{"glob":"**","path":"/index.html"}]},"labels":{"deployment-tool":"cli-firebase"},"createTime":"2023-09-24T04:43:35.794306Z","createUser":{"email":"hoangvanbinhneu@gmail.com"},"finalizeTime":"2023-09-24T04:44:00.527226Z","finalizeUser":{"email":"hoangvanbinhneu@gmail.com"}}
[debug] [2023-09-24T04:44:00.112Z] [hosting] finalized version for tam-pvc-gia-da:[object Object]
[info] +  hosting[tam-pvc-gia-da]: version finalized 
[info] i  hosting[tam-pvc-gia-da]: releasing new version... 
[debug] [2023-09-24T04:44:00.120Z] >>> [apiv2][query] POST https://firebasehosting.googleapis.com/v1beta1/projects/-/sites/tam-pvc-gia-da/channels/live/releases versionName=projects%2F943921599596%2Fsites%2Ftam-pvc-gia-da%2Fversions%2Fe5858d772faf5700
[debug] [2023-09-24T04:44:00.120Z] >>> [apiv2][body] POST https://firebasehosting.googleapis.com/v1beta1/projects/-/sites/tam-pvc-gia-da/channels/live/releases {}
[debug] [2023-09-24T04:44:00.800Z] <<< [apiv2][status] POST https://firebasehosting.googleapis.com/v1beta1/projects/-/sites/tam-pvc-gia-da/channels/live/releases 200
[debug] [2023-09-24T04:44:00.801Z] <<< [apiv2][body] POST https://firebasehosting.googleapis.com/v1beta1/projects/-/sites/tam-pvc-gia-da/channels/live/releases {"name":"projects/943921599596/sites/tam-pvc-gia-da/channels/live/releases/1695530640604000","version":{"name":"projects/943921599596/sites/tam-pvc-gia-da/versions/e5858d772faf5700","status":"FINALIZED","config":{"rewrites":[{"glob":"**","path":"/index.html"}]},"labels":{"deployment-tool":"cli-firebase"},"createTime":"2023-09-24T04:43:35.794306Z","createUser":{"email":"hoangvanbinhneu@gmail.com","imageUrl":"https://lh3.googleusercontent.com/a/ACg8ocKlwnzn-gcCJppCoy2bpyq_FnMImSiRPJTBylpvffvAlQ=mo"},"finalizeTime":"2023-09-24T04:44:00.527226Z","finalizeUser":{"email":"hoangvanbinhneu@gmail.com","imageUrl":"https://lh3.googleusercontent.com/a/ACg8ocKlwnzn-gcCJppCoy2bpyq_FnMImSiRPJTBylpvffvAlQ=mo"}},"type":"DEPLOY","releaseTime":"2023-09-24T04:44:00.604Z","releaseUser":{"email":"hoangvanbinhneu@gmail.com","imageUrl":"https://lh3.googleusercontent.com/a/ACg8ocKlwnzn-gcCJppCoy2bpyq_FnMImSiRPJTBylpvffvAlQ=mo"}}
[debug] [2023-09-24T04:44:00.801Z] [hosting] release: {"name":"projects/943921599596/sites/tam-pvc-gia-da/channels/live/releases/1695530640604000","version":{"name":"projects/943921599596/sites/tam-pvc-gia-da/versions/e5858d772faf5700","status":"FINALIZED","config":{"rewrites":[{"glob":"**","path":"/index.html"}]},"labels":{"deployment-tool":"cli-firebase"},"createTime":"2023-09-24T04:43:35.794306Z","createUser":{"email":"hoangvanbinhneu@gmail.com","imageUrl":"https://lh3.googleusercontent.com/a/ACg8ocKlwnzn-gcCJppCoy2bpyq_FnMImSiRPJTBylpvffvAlQ=mo"},"finalizeTime":"2023-09-24T04:44:00.527226Z","finalizeUser":{"email":"hoangvanbinhneu@gmail.com","imageUrl":"https://lh3.googleusercontent.com/a/ACg8ocKlwnzn-gcCJppCoy2bpyq_FnMImSiRPJTBylpvffvAlQ=mo"}},"type":"DEPLOY","releaseTime":"2023-09-24T04:44:00.604Z","releaseUser":{"email":"hoangvanbinhneu@gmail.com","imageUrl":"https://lh3.googleusercontent.com/a/ACg8ocKlwnzn-gcCJppCoy2bpyq_FnMImSiRPJTBylpvffvAlQ=mo"}}
[info] +  hosting[tam-pvc-gia-da]: release complete 
[info] 
[info] +  Deploy complete! 
[info] 
[info] Project Console: https://console.firebase.google.com/project/tam-pvc-gia-da/overview
[info] Hosting URL: https://tam-pvc-gia-da.web.app
[debug] [2023-09-24T04:44:27.215Z] Error: Timed out.
    at Timeout._onTimeout (C:\Users\Binh\AppData\Roaming\nvm\v18.14.2\node_modules\firebase-tools\lib\utils.js:254:49)
    at listOnTimeout (node:internal/timers:569:17)
    at process.processTimers (node:internal/timers:512:7)
[error] 
[error] Error: An unexpected error has occurred.
[debug] [2023-09-24T10:18:18.840Z] ----------------------------------------------------------------------
[debug] [2023-09-24T10:18:18.842Z] Command:       C:\Program Files\nodejs\node.exe C:\Program Files\nodejs\node_modules\firebase-tools\lib\bin\firebase.js deploy
[debug] [2023-09-24T10:18:18.842Z] CLI Version:   12.5.4
[debug] [2023-09-24T10:18:18.843Z] Platform:      win32
[debug] [2023-09-24T10:18:18.843Z] Node Version:  v18.14.2
[debug] [2023-09-24T10:18:18.844Z] Time:          Sun Sep 24 2023 17:18:18 GMT+0700 (Indochina Time)
[debug] [2023-09-24T10:18:18.844Z] ----------------------------------------------------------------------
[debug] 
[debug] [2023-09-24T10:18:18.964Z] > command requires scopes: ["email","openid","https://www.googleapis.com/auth/cloudplatformprojects.readonly","https://www.googleapis.com/auth/firebase","https://www.googleapis.com/auth/cloud-platform"]
[debug] [2023-09-24T10:18:18.965Z] > authorizing via signed-in user (hoangvanbinhneu@gmail.com)
[debug] [2023-09-24T10:18:18.965Z] [iam] checking project tam-pvc-gia-da for permissions ["firebase.projects.get","firebasehosting.sites.update"]
[debug] [2023-09-24T10:18:18.967Z] > refreshing access token with scopes: []
[debug] [2023-09-24T10:18:18.969Z] >>> [apiv2][query] POST https://www.googleapis.com/oauth2/v3/token [none]
[debug] [2023-09-24T10:18:18.969Z] >>> [apiv2][body] POST https://www.googleapis.com/oauth2/v3/token [omitted]
[debug] [2023-09-24T10:18:19.488Z] <<< [apiv2][status] POST https://www.googleapis.com/oauth2/v3/token 200
[debug] [2023-09-24T10:18:19.490Z] <<< [apiv2][body] POST https://www.googleapis.com/oauth2/v3/token [omitted]
[debug] [2023-09-24T10:18:19.574Z] >>> [apiv2][query] POST https://cloudresourcemanager.googleapis.com/v1/projects/tam-pvc-gia-da:testIamPermissions [none]
[debug] [2023-09-24T10:18:19.575Z] >>> [apiv2][(partial)header] POST https://cloudresourcemanager.googleapis.com/v1/projects/tam-pvc-gia-da:testIamPermissions x-goog-quota-user=projects/tam-pvc-gia-da
[debug] [2023-09-24T10:18:19.575Z] >>> [apiv2][body] POST https://cloudresourcemanager.googleapis.com/v1/projects/tam-pvc-gia-da:testIamPermissions {"permissions":["firebase.projects.get","firebasehosting.sites.update"]}
[debug] [2023-09-24T10:18:20.684Z] <<< [apiv2][status] POST https://cloudresourcemanager.googleapis.com/v1/projects/tam-pvc-gia-da:testIamPermissions 200
[debug] [2023-09-24T10:18:20.685Z] <<< [apiv2][body] POST https://cloudresourcemanager.googleapis.com/v1/projects/tam-pvc-gia-da:testIamPermissions {"permissions":["firebase.projects.get","firebasehosting.sites.update"]}
[debug] [2023-09-24T10:18:20.689Z] >>> [apiv2][query] GET https://firebase.googleapis.com/v1beta1/projects/tam-pvc-gia-da [none]
[debug] [2023-09-24T10:18:21.195Z] <<< [apiv2][status] GET https://firebase.googleapis.com/v1beta1/projects/tam-pvc-gia-da 200
[debug] [2023-09-24T10:18:21.196Z] <<< [apiv2][body] GET https://firebase.googleapis.com/v1beta1/projects/tam-pvc-gia-da {"projectId":"tam-pvc-gia-da","projectNumber":"943921599596","displayName":"kangbang-tam-pvc-van-da","name":"projects/tam-pvc-gia-da","resources":{"hostingSite":"tam-pvc-gia-da","storageBucket":"tam-pvc-gia-da.appspot.com","locationId":"us-central"},"state":"ACTIVE","etag":"1_ecbe5b94-3995-4cf9-8d41-b9590247626a"}
[info] 
[info] === Deploying to 'tam-pvc-gia-da'...
[info] 
[info] i  deploying hosting 
[debug] [2023-09-24T10:18:21.232Z] >>> [apiv2][query] POST https://firebasehosting.googleapis.com/v1beta1/projects/-/sites/tam-pvc-gia-da/versions [none]
[debug] [2023-09-24T10:18:21.232Z] >>> [apiv2][body] POST https://firebasehosting.googleapis.com/v1beta1/projects/-/sites/tam-pvc-gia-da/versions {"status":"CREATED","labels":{"deployment-tool":"cli-firebase"}}
[debug] [2023-09-24T10:18:22.215Z] <<< [apiv2][status] POST https://firebasehosting.googleapis.com/v1beta1/projects/-/sites/tam-pvc-gia-da/versions 200
[debug] [2023-09-24T10:18:22.215Z] <<< [apiv2][body] POST https://firebasehosting.googleapis.com/v1beta1/projects/-/sites/tam-pvc-gia-da/versions {"name":"projects/943921599596/sites/tam-pvc-gia-da/versions/c2f2864deee4c02a","status":"CREATED","config":{},"labels":{"deployment-tool":"cli-firebase"}}
[info] i  hosting[tam-pvc-gia-da]: beginning deploy... 
[info] i  hosting[tam-pvc-gia-da]: found 153 files in build 
[debug] [2023-09-24T10:18:42.415Z] [hosting] uploading with 200 concurrency
[debug] [2023-09-24T10:18:44.928Z] [hosting] hash cache [YnVpbGQ] stored for 153 files
[debug] [2023-09-24T10:18:44.929Z] [hosting][hash queue][FINAL] {"max":2480,"min":28,"avg":634.6274509803923,"active":0,"complete":153,"success":153,"errored":0,"retried":0,"total":153,"elapsed":2505}
[debug] [2023-09-24T10:18:44.931Z] >>> [apiv2][query] POST https://firebasehosting.googleapis.com/v1beta1/projects/943921599596/sites/tam-pvc-gia-da/versions/c2f2864deee4c02a:populateFiles [none]
[debug] [2023-09-24T10:18:44.931Z] >>> [apiv2][body] POST https://firebasehosting.googleapis.com/v1beta1/projects/943921599596/sites/tam-pvc-gia-da/versions/c2f2864deee4c02a:populateFiles {"files":{"/favicon.ico":"eae62e993eb980ec8a25058c39d5a51feab118bd2100c4deebb2a9c158ec11f9","/logo192.png":"3ee59515172ee198f3be375979df15ac5345183e656720a381b8872b2a39dc8b","/logo512.png":"ee7e2f3fdb8209c4b6fd7bef6ba50d1b9dba30a25bb5c3126df057e1cb6f5331","/manifest.json":"aff3449bdc238776f5d6d967f19ec491b36aed5fb7f23ccff6500736fd58494a","/robots.txt":"bfe106a3fb878dc83461c86818bf74fc1bdc7f28538ba613cd3e775516ce8b49","/index.html":"b6219462537ed23ab01eb01163034143ec26533c3b49c54ee473e63cf899d0a9","/asset-manifest.json":"d704f314c9096d919c587c905a84222bf2040bea2975ff6cfa903fc34a70f258","/static/css/main.af0398e0.css":"a6f3839c8abd9ed26b3dbfc430c997273c2028cd8b865572559d6d36deaf2eb4","/static/css/main.af0398e0.css.map":"2d6d8dfeca9a94a5e250ba21a77f4140a6f1d6b42c0520b0f34a454e7b941a9e","/static/js/787.e3a1f9a1.chunk.js":"4ed83d149a18f5943174f89c94801dc48bf55742f8c9515907a9c338412fe378","/static/js/main.9f6a9e6b.js.LICENSE.txt":"974d3dafb17daf42d1e6f30e1fe0aa38b1976dffde842a3271c5ad96efc8b7aa","/static/js/787.e3a1f9a1.chunk.js.map":"dde97c0bd02b3efc44cccc3dbcabc1a081c670f42ef7a8a7cd6f39ce7c4037bf","/static/media/15.a6672c512b2c57e1dcfb.jpg":"bbeaa045bfa961dee00c548e92a2543e4a77a04a70e0eb30db694d67e5ec95f9","/static/media/41.5ae27aa75e8d9efa23a4.jpg":"a06e8f6a3a29ce11a39d826f75fc7ea0d1f5f2ea5dc797544e547a33068168da","/static/media/108.26324c992f4a893b34c2.jpg":"f36196b05bb55057eee4ebdcfd5923cb904b3270de50665b6a3be296168904db","/static/media/101.fc639d48d43f61c9623f.jpg":"ef1dc2f225e5b23dc7a71cc4bf2ece67a92f30375450fd8118f2b5d7f14deb47","/static/media/38.8cdfa696e3b9e8f0ea56.jpg":"6d72f36ed2cf824d31b710ded37b054b6ae0e746450e033aa898e652e3f240b1","/static/media/39.c8dc50bacb239463e017.jpg":"c0457fc5208620a73ce7688c0dbb34f36ff77a1d4ccf223468b60b5e3c6040c0","/static/media/01.89b910d47d4dfab7f583.jpg":"056a18c3dc3919dd83c19fe1149ecc7e301f6b6b6300742cc2630a727900669a","/static/media/107.9636542b140bf7a9ae10.jpg":"be0b3cc74eae437e498dad02471999b4e057a47d876c51cd5db84a1a8002a717","/static/media/111.c0b1a7cc4f5296d84370.jpg":"0932a8e7bc1daab13b509195ce32474fe3538691374d787c5281a67b3d703cd7","/static/media/21.0aed7afafd9eedb65556.jpg":"623aa0fc67056ae2f94e29eb2f7e8674e63f14fc74a1a4ac6ae77bd72b661e86","/static/media/110.a0a2c901b3b106dbd698.jpg":"02dc704420816803cccdad295f8eaf69d68dc622d084584b0c7f29841e35f1d8","/static/media/09.41362df89a31eb6d6bf7.jpg":"c5b8b2fefdf1373685fffe65937aa3d6130417b2675c30ac2a2604edb5303ef7","/static/media/18.08939bda9ae8a29314e1.jpg":"72e902d5567bb7d3198f275cce272cd2576295bbda643c4fd90f3f2a225a1e83","/static/media/37.53a861b5d22ca1bbfe80.jpg":"1f2fabbca92749ca09aa1ddf5f19e8f0b48ea419f15d8fe165887fd38d52611e","/static/media/55.76ba03f1088645a8efa9.jpg":"dada3e26f2cc590f73a9c821184fa3e271775894d64089cf344a3aba1e702750","/static/media/03.93aec2dc31a235ff879d.jpg":"c7d5d537a16a39009b788d0ccfb4ca0c9153706a43eea64b5ecee7d33bc2546e","/static/media/02.198412873715a105e763.jpg":"fdafcce835e81ccd4ddb2962b1fa38f3a3977191700cacbe59ca58210fe57fb7","/static/media/42.b3ed1b553f02fc0b19af.jpg":"349943b36af20f1fe217dca8cf9a810f8e837509af6b712f44424ed53cd78a0f","/static/media/08B.985043a8ca72d2377bee.jpg":"5d5a00c07e7391e79cff1f9247e3ac3d4f6ee7f1b8785c099afb7ef4b661e615","/static/media/10.988c1e3fc1a4bb41be7a.jpg":"28c5b0661beeb9cff5f87412f306a4e7109d28d9f18c133e8b6e286a709da9dc","/static/media/20.a354c879e1a56713a4d9.jpg":"73d8cfad380f8dde02f7f475a1a1da1e81a46e47e792fc5be7ed5f737f8ef5a4","/static/media/14B.60980fdcee12fa781c83.jpg":"6ce471719bd28a95eb14605c10ede83634ca2150315afecdaae913a55caafbc8","/static/media/29.880c07b3740f72ff4f0c.jpg":"bd9bd99f1afd80ffd27fbeb0477aa09e51239a81abbd7ab7fa228de17a311881","/static/media/35.1c1a7c1f1f52603d6419.jpg":"bf413c2b767f532000c0d63525cb07840a048f372e54e5c831836a6ea7305792","/static/media/47.a7d14192f7929509161e.jpg":"162440f08901e3a9eabaafb2aacb620a285047544bb717a24c2f7886dd718f5b","/static/media/109.72abd05fd84f50fab57f.jpg":"73aa7b28ab5fedef9fb21ec1ad11177bd9955ed3c138019f84763a8a79b03634","/static/media/06.85569cadfaf62a5720e5.jpg":"4ea127a1b274f525f97baa01d36b04db15a9a9176a9920b37c20d7884b12a9a5","/static/media/13.2d2dec9a4c8e2342b140.jpg":"31a836e69cbb222de7469c54a723dde73b78becac694a373593908eca515ff84","/static/media/24.b95cd0cf387b9285eea7.jpg":"23a560f2e60c07df405a31ed1cb4b4aaeb09b80d8888b9d24e9b9e9b02a97f55","/static/media/43.00e9126702ddf63b7cfe.jpg":"bf22304aa4a546eefc4387f5c64537d5b56deca6318181668a1b159c1af480fa","/static/media/04.0713b3a4a7c6e52a4fd1.jpg":"59ff46ce099ff2364433b05f80377b78ed868ab118ae7acb3d4d50e57067375f","/static/media/05.dc29c3bbeb2b6dcf251e.jpg":"d51e65d8d643f2dce1d2ebbb2317546e270d3d7ea04e4a3f3b9856265b216ed9","/static/media/59B.1226268fedfa4d60b981.jpg":"971bf34d8a401b35e07d52eb739fa9ac2e433c9dfe8f0b921e98b4201e12b998","/static/media/52.816fc58521b050cd2483.jpg":"5806fa226f9971e1447aed08675d8a1daf2f9447bef5ec1a7c91f19659e73a06","/static/media/53.939df488459adab6b4e3.jpg":"35d30e4ff6c4dcb497b3c64ceb8f35ccb3e3b3cd7c1242f415d2739bc8ac3027","/static/media/15B.0fe707895e04883a5dbb.jpg":"d7c837210c2f801e3773e5606f55934ac7b98bb39ed7e66b2d8db66dda6b523a","/static/media/65.f25375d2905888eaa8c3.jpg":"fab752acbe956c9a625c5d7a8d4c252c3d701a364691ba0c491bb19730ea8c09","/static/media/5007-2.a415768ea646689e4914.jpg":"e599cd4a269f2e4f947cd11a4f2c03e5c15a1f4fb472435c605ce1f596c66d3c","/static/media/58.525b014540e2dc025793.jpg":"4669b876bc89c86e43ca3aa5d254d1cdbe1a850e1935db5bf3933381654d92bb","/static/media/59.c509ccca4d1aee290b24.jpg":"e8b4beaa4ee514ffd3020a61e3dd6186d5419092d96110d79df6ee749f0a3ac6","/static/media/12.c46bcdd6296e5036e189.jpg":"8fd74ae8cad7c71a7cbfb7896122d2d904a700d69619d7f46d8ea67a12dcc91d","/static/media/68.461cb6f21714a2568ebd.jpg":"c9ffb0d0d1b7bce235c5a27b1cf30c551393ee1a4f326d89c0282eb9da6f2d83","/static/media/73.94454de5f15abc814822.jpg":"cb5d4ea4c898170a7048ad2d3f3711a18f4226894d109d023970797904ee39cd","/static/media/27.54765536a5e3cf677b27.jpg":"9226e468b5c566966cfc22172d15d622be9b09d29fbbf91ad44d3e1059f60dd0","/static/media/25.497cfee4a3991aed2af9.jpg":"217a131be46a1d1eb58bb24211ed266ad25ac92147c1b9f67d84abe00fcadc0f","/static/media/56.55da2b5bf0aa5e4ba173.jpg":"6bc2d9d512c73f9d3ae403583df99d52ed26624b52d7be00b4eefee7991d85a9","/static/media/30.0ec6b9647b053ff85b8b.jpg":"e044930f0933adf19856e5273e55bb86fca260bc82456a76b6410852a21b5565","/static/media/77.b709037f6890adb64f2b.jpg":"dec06459c9e1f22cfb924d0bb761652bd27fe238f5e1ff21fc36b42071dbabfb","/static/media/63.1f065471666ee6aba306.jpg":"1aa11c473f5756dc95c8619b3ca8db86e081beebe49b1af8522da22a39058882","/static/media/67.28a602432aa599bc5591.jpg":"5dd42785b158bddde99eb119a5caa311777ce32bcc455255e58c073f7174a096","/static/media/50.ce5e2ca3fc18abcb79d1.jpg":"8401e721e1869f26cb4f3eab431569ccf91fd64a452bed18cde14132062ee8bf","/static/js/main.9f6a9e6b.js":"782ab7499031c33f064bb0b49a891f4219bf5e4fbc0a9cfee650214529dae835","/static/media/100.5e170bd15626cf343516.jpg":"78b75172aec046480e15559e0d838cd2a83a38fbc9cbb82614c6daca00d65f54","/static/media/A816.aa9cef99e56e7f308be3.jpg":"9071e4d9b2f2e7f7af4169a7de4505ed98161c2d237a898550ccda90ca859d9c","/static/media/77B.bb930c9c6252c1ee68fe.jpg":"7d459e604a69cd6618055845145010c0cabad790db744318223fbc7967b96bf0","/static/media/93.d82f138df7f45966ff60.jpg":"15f9152bb6a76aaf3185cfa4419283b5c0ac02fa7105acf43be3ee34f9bc3cde","/static/media/54.7feeeff9f595e68f08ef.jpg":"8dc5d576088fc27b362eb7618dabd2d1ef15c59cd384ebcfe8e003f68d22790e","/static/media/90.947c45205329f388d72a.jpg":"764010a4238d72efecf7d54526046ae041612add558372f9bb73d4529cd20d37","/static/media/95.7340809310e0c3999953.jpg":"23d0206ca7f2a7e1f051f282c34d3174ce41d7a3153b25b5bbfcb827467807fb","/static/media/FX14.2eee8ef0ee9e996a8b69.jpg":"c5a6c45a639cec2f68e84389c8b06cb65cc443bddb3ef5b1d7dbf4fada037e1c","/static/media/96.cf2064096c9154dee1c0.jpg":"f1cb41934ae77abcde1d4a58ba80a0b463d85c833a7f63a7affbd6335edc5f7c","/static/media/75.96867e2ebacc091a1c65.jpg":"fbddd05ff90a4b2378b87259dcd79b08f34540d34bc694c0031f1de65bead6b5","/static/media/61.fb62b3ed280b738b728a.jpg":"cd6630c8088317e370757e6bf6fca082a7a854e7a14a45ec16f79f73cc25951c","/static/media/FX14.81702103e89897034178.jpg":"711f2fbe5b55acd7ebaaea5c98d538930af1a96f8ee9d28b2e404bf58846c34f","/static/media/C2004.b726c6df5c16f2bf63f1.jpg":"2f03691913141d2c34e4ac05a7e2c4ebae1e86118056971cf5da3241eeedc55d","/static/media/C2004.fec68142f6ae245929fa.jpg":"643bd919aa2ecb94b0570e2f7b3a3a1358ea0c11f0ea2f2353d4aa48ccc75647","/static/media/E1004.351c7a1e0e19c37868dc.jpg":"da4351af14f3ccc0ccf44d3a43a7ffe0659b45639d173334eea9186e8febbeef","/static/media/66.3cc28035e5fe1904c9fb.jpg":"50a5c7d515123881ed5d6ddaf32230bc18c7d63fedef81de8e52d6f402fdb272","/static/media/82.67ee6ff2bcec7a16117e.jpg":"a79205e959d4b8eb17fdff2fe81968086710a1353da31e9c9b9c1c3e70362ec9","/static/media/87.077a503e24ce32847f3b.jpg":"a796b46d2f011c2032b9bd31b237214fb30ce6b3e73b0e79a9d190e1807a7e89","/static/media/C2005.5635cec337a8973b3542.jpg":"4a29fceb268923ce59dc245d9ff6000f99ed7d086ad102b817c8cdbe0d3e3c5c","/static/media/C2004.15d9f6ad06b2f5cd27c2.jpg":"3766adb959592b3db455ed9324553970ccf478040b859186aa2bcebcdd75d30a","/static/media/79.da301dba11a10588d619.jpg":"67b5a31528ef9dcf7466e1bb6b4f34a5717ebeeb2c873274c6d922f52e2bbe08","/static/media/98.e3654bd2803af6959548.jpg":"788a1bd9de742baea8c124efd8ba4d8cef67a5877d28b5aa775bff89b33c9516","/static/media/81.151f75642507ce77dd22.jpg":"69a9e16f35a2d6a5cdf1fa18b93a4994af608f9068ee6d66e110e68a0f75f5fd","/static/media/86.a0a6263444d7dac08f9b.jpg":"60c7d5e5cbd2be4e6bd88a7ca3ee49ad7462a05be3ad92117e70c6f82c589946","/static/media/97.387bdaf6723185900df8.jpg":"841a20e67b353b57c87cd02199dad57bb119c6f5b97d359e6f160776f78263bf","/static/media/83.d773bf89111bb308b23f.jpg":"75ccab6b48f73516e1835b35e8ca763dfc03e81e98646b5898cdcdedacf4c389","/static/media/FX237.2569c64066b6003178d2.jpg":"20e29b83f81d95d8d84bd6f7842448c8062af011173d6a736bed51015452c9d9","/static/media/FX237.d39b5d2c53cd335ba0d3.jpg":"e2de5a7ef575794f0217738ffbfd6d204f73e10a78ae52fa504a75f47837d4bd","/static/media/FX15.1e1fd0b3de378edd1893.jpg":"7557e907d929f29eedb50b092cbb2db7ecb2ed9b2a10cd95c444df916b9429f8","/static/media/79B.a604d11082f8a92d9ccd.jpg":"ec80e221baef4322bc19d59c8f2dba311397148926d98712809cf277a1db078b","/static/media/abu.27786f28bb8a932bef8a.jpg":"85efbc1605b15750746c7ec0069c0effb5bfce15ebdc42a0bc760443d931b395","/static/media/FX15.6190c6ad39ee828703e5.jpg":"64f31a2f6dc63a70dee4d817c7a6c8e8735612c2fc9d8500d2bcf7f2f638c39a","/static/media/FX237.b33794395c6ebe7859cd.jpg":"e21964f01f0796bd3c52d6cc6948c434bb462630f6ee428348529fe1ff4321c9","/static/media/FX19.267790a9fe7b1b0fd291.jpg":"74936ae688f49667c043821d178c7c0c2cf8d580549d7f6824dcdbc595f54d2c","/static/media/FX34.6f3ff4b80a1381f14a8a.jpg":"47bb42e19eb9f622a46b269a1f78d647a10fa600d3b32f41f5c39734fe5ad85e","/static/media/FX34.42cc452473c3dc3af300.jpg":"24c9d4850847ec6c2ee1154f2eed948cef2b99bc586008841a59f53cbdb0f9ae","/static/media/nepNhom.545e62e6013ab55f8c9b.jpg":"d2d004c90e9ca02017384772d5b722d75dd2465b6f036c41913b000092b8a93f","/static/media/FX49.2821ceb73e7cc033ada7.jpg":"1074a75fb96e8047e1c225e0b9a21556334573ed2b3d4b9a7217d2d4b45842f3","/static/media/HJL.d12f2b515ea5d57474c1.jpg":"1be42bd1c11115ba2a65e7e553738c05cec6060fbb8f65a7c5a2c0894731fd00","/static/media/FX14.9f7eaccdbdc0f920043b.jpg":"e801529b862d4076c2fd1bce835a9f3d9008ff23f41455d89b5730dc6ccc0989","/static/media/94.bb410bc52930480ca889.jpg":"78b7b173fc1beec3ba64b9c64587393e1941ec060a218aed0b9eeb2a4833f3b2","/static/media/FX34.d8fa0b6b34563aa6f4e2.jpg":"ffd34bd337adafd45e72491c9d6788812131a335e71335f193db1034119487e1","/static/media/FX237.977b8d550f7940c81c8d.jpg":"51c853d01d35d52880de8ee9d14f8bad829500206c5de557ed98e0bfd6147e89","/static/media/FX866.56f0fb0e02cad521772e.jpg":"edfdb063aec1c2036388d4592b70926b1224f02293aabfd28181af4023b56fe2","/static/media/FX15.bd0737471b062eb6dc67.jpg":"737bb2df07f75cc1a583fab8cc64c6a9be654ced7e9900930d5c3a7655db331d","/static/media/FX49.407325a8e9fd42c05a2b.jpg":"1b89977e8e383c406d5b8e28de797aec778a823dd7059c79f3207e678c886fec","/static/media/88.018585a964d751daeb76.jpg":"602d3aa581f7fbd99c8e44b2bb42388aeae2d4f7097ba059eab518683c6c37cf","/static/media/HY-102.7414dfe0ecd275a6c131.jpg":"0052c804eb7285585711693bed32120b6665fc759e7bab4cfe1fead4cf28658d","/static/media/HJL.c2cec14a6c4c4b1e5600.jpg":"a73137bf0aab2de0916a31fe6f3385e8c121bdfa8222f501cfa754fcf07aa66d","/static/media/HY-102.7a72f39608f4bd850890.jpg":"c51a2d591d250ad6e444eecc8ba37352b78371f4704d29c33f3fa4cd56560656","/static/media/HJL.e46d57cb461b1f778be8.jpg":"8a28c418bafd8efff9f916c3d9db069828d1322b64476ee2c0d94c53ce815c28","/static/media/KJM.33821751f761c026bd5c.jpg":"9f4d87c8c052314725a946d68ac689e44f94dbba651eb127f55c0d0d3185476e","/static/media/FX34.5a027610181468029cdd.jpg":"613f3a09e733dde31324d6bd65f037b28841dc7288b21be5a9890a43ecdd1973","/static/media/VD105.487cc595e373459c92a2.jpg":"9607e54cb71c31498e2477a89bbccc483e15a912f6846db517851e08665e73a8","/static/media/nepMauDong.62cf5bc963c8cee22237.jpg":"2aff803a2ba871d3013bac80b76d8358fa75b94725bb3a4682685e14bffda1e1","/static/media/HJL.c7b9091ceb6394f74b22.jpg":"aae66701c2a0457cf3a5f0871bb11f1bb13f001d96905ea0598d0e5d467c5b24","/static/media/VD103.c9bed51c5d561c0d63c5.jpg":"b675026d865b5fd2c92126306785cffd7f64a6fc336a84d9a38dc1ca897f8fe5","/static/media/VD102.62cae4c1cd09231c6c99.jpg":"2c333b2bdb6f4eef47ac2f2853446c9f5cf6a39c41d0e1c263496aad8583247b","/static/media/keo2mat.d98e6af4574ed41cd280.jpg":"9a76b4f6c46050761d1ab684d79f33621f28364cb15e925763f5ad6cf960cd37","/static/media/VD104.cf7d301d9a1687a1aef6.jpg":"615039f3bde2e5fd5a0edc43eead90d2e3d1e599fb93ecf7b1e35c7ce9d9f87d","/static/media/HY-102.ab5642d180e9f0a9ad17.jpg":"1e1e70050dd1985f78faf0c44bdbf054fc8e769d61ef3c0d1eab54dc406d798c","/static/media/33.c7caeb0eb017d2caff12.png":"7ce817a76ae5128be40585c6cc3884cd0fbe784f22b8a9b41d6144030f035ab7","/static/media/VD11.0d7a266e4b402f26f7d8.jpg":"e9419d970bed70c743018ca812f390fec22ffccb164e454c9f90ae31b87d4a59","/static/media/P34.26a3a019ee940ae8c65a.png":"aa11f7bcba2c0b306171c356bc0ed822d81a916ac7ddebacf8c2b06a9945964c","/static/media/P29.d189ac1c9443fdccffd3.png":"90049bf12314c730a94ce662e2ad180690a3d867a59b7e15242b4ae134246375","/static/media/KL8074.8cd4c3e5ebcab19879f1.png":"5bc021af966c0828c621996b8a6c99dd2440d71bf8acb6f7ce5178edccf506f0","/static/media/VD106.6bedd16fdde34a7c5ec1.png":"f2e440069b54a773185b554fbdaf89d4e28572cd31fb35e7e17b4832bbd0b2bf","/static/media/VD71.34dce4098f124d7f8417.png":"3e56a81347e0f07cfc13c7294b153ab1bf825b5ddbc9dccb864af9364da0f94c","/static/media/KL8079.e520a9e49834e260d3d3.png":"fc173d9dadccbaf34f6c0f5358a17d0a7812cf43d9910290595675c5523385d2","/static/media/P20.02b4c12de4a218390ee2.png":"6c326d248503033d2353ae00d2191d286aaaa1649b5f6a642e4a4de248986ac5","/static/media/P66.5877c2797fe35a3bae76.png":"bdad2efb9a53ef9eeb4872659bf6094027ba6844021089f370f055675e649b5a","/static/media/P12.8836d65dfaad5f64769b.png":"d0561c35d69ba292f140368213e0aa58b9fb3c8483228ea942da9056e4e049ff","/static/media/P89.53d39f4171111cb654da.png":"5d482b9a08c6a6d18759790999a46c940e3bfbcbd3f1ca1014c6d51438c8bc57","/static/media/P33.49df49a5fb3ee3e06505.png":"34e8b2314c6be0cecaf16fd3c034afad3b7a43ddd931917510ee7b790257a846","/static/media/P14.ed3cd4585e98113c481e.png":"1373bac5bfc0cd1c66b8187c76b2181aa5808417714a9ff1be3e934b8dd218f2","/static/media/74.181a9dfc9d0eccb2511e.png":"bdb162d305701c123616370ec99e58e6221394b916a028cb9eee76032226d06b","/static/media/P92.a98bc296ec8ed423660f.png":"04b20e5ddadd2141a382202cd4918f3b948e9174a94b400113f01477610342c6","/static/media/P17.a8579bfa1c2e91f3e86e.png":"792dc6f44fed6255ff89a68b0d2c86afbe6859c9814a7fd54ce270b8c3979414","/static/media/P16.f327923914daafd34611.png":"e75949b97ec9c54f34ef1290aab49bcc4ed73c6941e3c8b5906fd4d26b166498","/static/media/P55.93b3461ac9a99c0ca11f.png":"8191c4c2144719a0328c426b5424b27508718adf49954e69db80761f427d4347","/static/media/VD78.478f8bf4e114b8c21735.png":"3a8b6846163ec1a8eded214766e6c6991a886c61a1a5bdc315fb1a619e613769","/static/media/keInox.24d9b9f07fa0a9d88f9f.jpg":"cf6263402c67bf70f18c150a0ccd8130d0078b6b2b916facc9057d21178cee3a","/static/media/P52.1a7b55909f7d0d296f7e.png":"cbdef70f6b4386358487978186f9583a9ae61b1345a65b834ced9c1bfc0d33da","/static/media/VD32.6e4719ccb8715258c2c9.png":"af01a164333d03af2c9c39230173f0cd68b0e122ad5188fc168026bc5a0dbbba","/static/media/P86.5cccc482b1a3f868fa7f.png":"51d240e471bca5910b464af1133b9393a5e98e53ffb1bd2148f9f86e9d8a5595","/static/media/nepMauDen.828de5fedd06016b9225.png":"4d5909c5979f965aef54ea7aedd95103cde85ef660301520dbcaeca96462b52f","/static/media/17.e7b7170e0a49110fe008.jpg":"501b93872c75efe49bf1a30ff4d56b6961ea283eee70667abebb44c250ae3de1","/static/js/main.9f6a9e6b.js.map":"65b65983f2f54a727cf7bcb48e74662e80899848fb397a26a257df7b33470c19","/static/media/23.78422f7ad54541a64748.jpg":"d8ebd64e480a844da155427049724041d1315d3d161c5bed532b31bc1858711f"}}
[debug] [2023-09-24T10:18:45.776Z] <<< [apiv2][status] POST https://firebasehosting.googleapis.com/v1beta1/projects/943921599596/sites/tam-pvc-gia-da/versions/c2f2864deee4c02a:populateFiles 200
[debug] [2023-09-24T10:18:45.777Z] <<< [apiv2][body] POST https://firebasehosting.googleapis.com/v1beta1/projects/943921599596/sites/tam-pvc-gia-da/versions/c2f2864deee4c02a:populateFiles {"uploadRequiredHashes":["b6219462537ed23ab01eb01163034143ec26533c3b49c54ee473e63cf899d0a9","d704f314c9096d919c587c905a84222bf2040bea2975ff6cfa903fc34a70f258","65b65983f2f54a727cf7bcb48e74662e80899848fb397a26a257df7b33470c19","3e56a81347e0f07cfc13c7294b153ab1bf825b5ddbc9dccb864af9364da0f94c","782ab7499031c33f064bb0b49a891f4219bf5e4fbc0a9cfee650214529dae835","2d6d8dfeca9a94a5e250ba21a77f4140a6f1d6b42c0520b0f34a454e7b941a9e","a6f3839c8abd9ed26b3dbfc430c997273c2028cd8b865572559d6d36deaf2eb4","f2e440069b54a773185b554fbdaf89d4e28572cd31fb35e7e17b4832bbd0b2bf"],"uploadUrl":"https://upload-firebasehosting.googleapis.com/upload/sites/tam-pvc-gia-da/versions/c2f2864deee4c02a/files"}
[debug] [2023-09-24T10:18:45.791Z] >>> [apiv2][query] POST https://upload-firebasehosting.googleapis.com/upload/sites/tam-pvc-gia-da/versions/c2f2864deee4c02a/files/b6219462537ed23ab01eb01163034143ec26533c3b49c54ee473e63cf899d0a9 [none]
[debug] [2023-09-24T10:18:45.792Z] >>> [apiv2][body] POST https://upload-firebasehosting.googleapis.com/upload/sites/tam-pvc-gia-da/versions/c2f2864deee4c02a/files/b6219462537ed23ab01eb01163034143ec26533c3b49c54ee473e63cf899d0a9 [stream]
[debug] [2023-09-24T10:18:45.797Z] >>> [apiv2][query] POST https://upload-firebasehosting.googleapis.com/upload/sites/tam-pvc-gia-da/versions/c2f2864deee4c02a/files/d704f314c9096d919c587c905a84222bf2040bea2975ff6cfa903fc34a70f258 [none]
[debug] [2023-09-24T10:18:45.797Z] >>> [apiv2][body] POST https://upload-firebasehosting.googleapis.com/upload/sites/tam-pvc-gia-da/versions/c2f2864deee4c02a/files/d704f314c9096d919c587c905a84222bf2040bea2975ff6cfa903fc34a70f258 [stream]
[debug] [2023-09-24T10:18:45.802Z] >>> [apiv2][query] POST https://upload-firebasehosting.googleapis.com/upload/sites/tam-pvc-gia-da/versions/c2f2864deee4c02a/files/65b65983f2f54a727cf7bcb48e74662e80899848fb397a26a257df7b33470c19 [none]
[debug] [2023-09-24T10:18:45.802Z] >>> [apiv2][body] POST https://upload-firebasehosting.googleapis.com/upload/sites/tam-pvc-gia-da/versions/c2f2864deee4c02a/files/65b65983f2f54a727cf7bcb48e74662e80899848fb397a26a257df7b33470c19 [stream]
[debug] [2023-09-24T10:18:45.804Z] >>> [apiv2][query] POST https://upload-firebasehosting.googleapis.com/upload/sites/tam-pvc-gia-da/versions/c2f2864deee4c02a/files/3e56a81347e0f07cfc13c7294b153ab1bf825b5ddbc9dccb864af9364da0f94c [none]
[debug] [2023-09-24T10:18:45.804Z] >>> [apiv2][body] POST https://upload-firebasehosting.googleapis.com/upload/sites/tam-pvc-gia-da/versions/c2f2864deee4c02a/files/3e56a81347e0f07cfc13c7294b153ab1bf825b5ddbc9dccb864af9364da0f94c [stream]
[debug] [2023-09-24T10:18:45.807Z] >>> [apiv2][query] POST https://upload-firebasehosting.googleapis.com/upload/sites/tam-pvc-gia-da/versions/c2f2864deee4c02a/files/782ab7499031c33f064bb0b49a891f4219bf5e4fbc0a9cfee650214529dae835 [none]
[debug] [2023-09-24T10:18:45.807Z] >>> [apiv2][body] POST https://upload-firebasehosting.googleapis.com/upload/sites/tam-pvc-gia-da/versions/c2f2864deee4c02a/files/782ab7499031c33f064bb0b49a891f4219bf5e4fbc0a9cfee650214529dae835 [stream]
[debug] [2023-09-24T10:18:45.809Z] >>> [apiv2][query] POST https://upload-firebasehosting.googleapis.com/upload/sites/tam-pvc-gia-da/versions/c2f2864deee4c02a/files/2d6d8dfeca9a94a5e250ba21a77f4140a6f1d6b42c0520b0f34a454e7b941a9e [none]
[debug] [2023-09-24T10:18:45.809Z] >>> [apiv2][body] POST https://upload-firebasehosting.googleapis.com/upload/sites/tam-pvc-gia-da/versions/c2f2864deee4c02a/files/2d6d8dfeca9a94a5e250ba21a77f4140a6f1d6b42c0520b0f34a454e7b941a9e [stream]
[debug] [2023-09-24T10:18:45.812Z] >>> [apiv2][query] POST https://upload-firebasehosting.googleapis.com/upload/sites/tam-pvc-gia-da/versions/c2f2864deee4c02a/files/a6f3839c8abd9ed26b3dbfc430c997273c2028cd8b865572559d6d36deaf2eb4 [none]
[debug] [2023-09-24T10:18:45.812Z] >>> [apiv2][body] POST https://upload-firebasehosting.googleapis.com/upload/sites/tam-pvc-gia-da/versions/c2f2864deee4c02a/files/a6f3839c8abd9ed26b3dbfc430c997273c2028cd8b865572559d6d36deaf2eb4 [stream]
[debug] [2023-09-24T10:18:45.814Z] >>> [apiv2][query] POST https://upload-firebasehosting.googleapis.com/upload/sites/tam-pvc-gia-da/versions/c2f2864deee4c02a/files/f2e440069b54a773185b554fbdaf89d4e28572cd31fb35e7e17b4832bbd0b2bf [none]
[debug] [2023-09-24T10:18:45.814Z] >>> [apiv2][body] POST https://upload-firebasehosting.googleapis.com/upload/sites/tam-pvc-gia-da/versions/c2f2864deee4c02a/files/f2e440069b54a773185b554fbdaf89d4e28572cd31fb35e7e17b4832bbd0b2bf [stream]
[debug] [2023-09-24T10:18:45.818Z] [hosting][populate queue][FINAL] {"max":864,"min":864,"avg":864,"active":0,"complete":1,"success":1,"errored":0,"retried":0,"total":1,"elapsed":892}
[debug] [2023-09-24T10:18:45.819Z] [hosting] uploads queued: 8
[debug] [2023-09-24T10:18:46.990Z] <<< [apiv2][status] POST https://upload-firebasehosting.googleapis.com/upload/sites/tam-pvc-gia-da/versions/c2f2864deee4c02a/files/2d6d8dfeca9a94a5e250ba21a77f4140a6f1d6b42c0520b0f34a454e7b941a9e 200
[debug] [2023-09-24T10:18:46.991Z] <<< [apiv2][body] POST https://upload-firebasehosting.googleapis.com/upload/sites/tam-pvc-gia-da/versions/c2f2864deee4c02a/files/2d6d8dfeca9a94a5e250ba21a77f4140a6f1d6b42c0520b0f34a454e7b941a9e [stream]
[debug] [2023-09-24T10:18:46.994Z] <<< [apiv2][status] POST https://upload-firebasehosting.googleapis.com/upload/sites/tam-pvc-gia-da/versions/c2f2864deee4c02a/files/d704f314c9096d919c587c905a84222bf2040bea2975ff6cfa903fc34a70f258 200
[debug] [2023-09-24T10:18:46.994Z] <<< [apiv2][body] POST https://upload-firebasehosting.googleapis.com/upload/sites/tam-pvc-gia-da/versions/c2f2864deee4c02a/files/d704f314c9096d919c587c905a84222bf2040bea2975ff6cfa903fc34a70f258 [stream]
[debug] [2023-09-24T10:18:47.021Z] <<< [apiv2][status] POST https://upload-firebasehosting.googleapis.com/upload/sites/tam-pvc-gia-da/versions/c2f2864deee4c02a/files/a6f3839c8abd9ed26b3dbfc430c997273c2028cd8b865572559d6d36deaf2eb4 200
[debug] [2023-09-24T10:18:47.021Z] <<< [apiv2][body] POST https://upload-firebasehosting.googleapis.com/upload/sites/tam-pvc-gia-da/versions/c2f2864deee4c02a/files/a6f3839c8abd9ed26b3dbfc430c997273c2028cd8b865572559d6d36deaf2eb4 [stream]
[debug] [2023-09-24T10:18:47.029Z] <<< [apiv2][status] POST https://upload-firebasehosting.googleapis.com/upload/sites/tam-pvc-gia-da/versions/c2f2864deee4c02a/files/b6219462537ed23ab01eb01163034143ec26533c3b49c54ee473e63cf899d0a9 200
[debug] [2023-09-24T10:18:47.030Z] <<< [apiv2][body] POST https://upload-firebasehosting.googleapis.com/upload/sites/tam-pvc-gia-da/versions/c2f2864deee4c02a/files/b6219462537ed23ab01eb01163034143ec26533c3b49c54ee473e63cf899d0a9 [stream]
[debug] [2023-09-24T10:18:47.146Z] <<< [apiv2][status] POST https://upload-firebasehosting.googleapis.com/upload/sites/tam-pvc-gia-da/versions/c2f2864deee4c02a/files/f2e440069b54a773185b554fbdaf89d4e28572cd31fb35e7e17b4832bbd0b2bf 200
[debug] [2023-09-24T10:18:47.146Z] <<< [apiv2][body] POST https://upload-firebasehosting.googleapis.com/upload/sites/tam-pvc-gia-da/versions/c2f2864deee4c02a/files/f2e440069b54a773185b554fbdaf89d4e28572cd31fb35e7e17b4832bbd0b2bf [stream]
[debug] [2023-09-24T10:18:47.188Z] <<< [apiv2][status] POST https://upload-firebasehosting.googleapis.com/upload/sites/tam-pvc-gia-da/versions/c2f2864deee4c02a/files/782ab7499031c33f064bb0b49a891f4219bf5e4fbc0a9cfee650214529dae835 200
[debug] [2023-09-24T10:18:47.188Z] <<< [apiv2][body] POST https://upload-firebasehosting.googleapis.com/upload/sites/tam-pvc-gia-da/versions/c2f2864deee4c02a/files/782ab7499031c33f064bb0b49a891f4219bf5e4fbc0a9cfee650214529dae835 [stream]
[debug] [2023-09-24T10:18:47.501Z] <<< [apiv2][status] POST https://upload-firebasehosting.googleapis.com/upload/sites/tam-pvc-gia-da/versions/c2f2864deee4c02a/files/65b65983f2f54a727cf7bcb48e74662e80899848fb397a26a257df7b33470c19 200
[debug] [2023-09-24T10:18:47.502Z] <<< [apiv2][body] POST https://upload-firebasehosting.googleapis.com/upload/sites/tam-pvc-gia-da/versions/c2f2864deee4c02a/files/65b65983f2f54a727cf7bcb48e74662e80899848fb397a26a257df7b33470c19 [stream]
[debug] [2023-09-24T10:18:47.579Z] <<< [apiv2][status] POST https://upload-firebasehosting.googleapis.com/upload/sites/tam-pvc-gia-da/versions/c2f2864deee4c02a/files/3e56a81347e0f07cfc13c7294b153ab1bf825b5ddbc9dccb864af9364da0f94c 200
[debug] [2023-09-24T10:18:47.579Z] <<< [apiv2][body] POST https://upload-firebasehosting.googleapis.com/upload/sites/tam-pvc-gia-da/versions/c2f2864deee4c02a/files/3e56a81347e0f07cfc13c7294b153ab1bf825b5ddbc9dccb864af9364da0f94c [stream]
[debug] [2023-09-24T10:18:47.583Z] [hosting][upload queue][FINAL] {"max":1797,"min":1205,"avg":1397.75,"active":0,"complete":8,"success":8,"errored":0,"retried":0,"total":8,"elapsed":1805}
[info] +  hosting[tam-pvc-gia-da]: file upload complete 
[debug] [2023-09-24T10:18:47.593Z] [hosting] deploy completed after 5312ms
[debug] [2023-09-24T10:18:47.594Z] [
  {
    "config": {
      "public": "build",
      "ignore": [
        "firebase.json",
        "**/.*",
        "**/node_modules/**"
      ],
      "rewrites": [
        {
          "source": "**",
          "destination": "/index.html"
        }
      ],
      "site": "tam-pvc-gia-da"
    },
    "version": "projects/943921599596/sites/tam-pvc-gia-da/versions/c2f2864deee4c02a"
  }
]
[info] i  hosting[tam-pvc-gia-da]: finalizing version... 
[debug] [2023-09-24T10:18:47.603Z] >>> [apiv2][query] PATCH https://firebasehosting.googleapis.com/v1beta1/projects/-/sites/tam-pvc-gia-da/versions/c2f2864deee4c02a updateMask=status%2Cconfig
[debug] [2023-09-24T10:18:47.603Z] >>> [apiv2][body] PATCH https://firebasehosting.googleapis.com/v1beta1/projects/-/sites/tam-pvc-gia-da/versions/c2f2864deee4c02a {"status":"FINALIZED","config":{"rewrites":[{"glob":"**","path":"/index.html"}]}}
[debug] [2023-09-24T10:18:48.196Z] <<< [apiv2][status] PATCH https://firebasehosting.googleapis.com/v1beta1/projects/-/sites/tam-pvc-gia-da/versions/c2f2864deee4c02a 200
[debug] [2023-09-24T10:18:48.196Z] <<< [apiv2][body] PATCH https://firebasehosting.googleapis.com/v1beta1/projects/-/sites/tam-pvc-gia-da/versions/c2f2864deee4c02a {"name":"projects/943921599596/sites/tam-pvc-gia-da/versions/c2f2864deee4c02a","status":"FINALIZED","config":{"rewrites":[{"glob":"**","path":"/index.html"}]},"labels":{"deployment-tool":"cli-firebase"},"createTime":"2023-09-24T10:18:23.230598Z","createUser":{"email":"hoangvanbinhneu@gmail.com"},"finalizeTime":"2023-09-24T10:18:49.633730Z","finalizeUser":{"email":"hoangvanbinhneu@gmail.com"}}
[debug] [2023-09-24T10:18:48.196Z] [hosting] finalized version for tam-pvc-gia-da:[object Object]
[info] +  hosting[tam-pvc-gia-da]: version finalized 
[info] i  hosting[tam-pvc-gia-da]: releasing new version... 
[debug] [2023-09-24T10:18:48.200Z] >>> [apiv2][query] POST https://firebasehosting.googleapis.com/v1beta1/projects/-/sites/tam-pvc-gia-da/channels/live/releases versionName=projects%2F943921599596%2Fsites%2Ftam-pvc-gia-da%2Fversions%2Fc2f2864deee4c02a
[debug] [2023-09-24T10:18:48.200Z] >>> [apiv2][body] POST https://firebasehosting.googleapis.com/v1beta1/projects/-/sites/tam-pvc-gia-da/channels/live/releases {}
[debug] [2023-09-24T10:18:48.914Z] <<< [apiv2][status] POST https://firebasehosting.googleapis.com/v1beta1/projects/-/sites/tam-pvc-gia-da/channels/live/releases 200
[debug] [2023-09-24T10:18:48.915Z] <<< [apiv2][body] POST https://firebasehosting.googleapis.com/v1beta1/projects/-/sites/tam-pvc-gia-da/channels/live/releases {"name":"projects/943921599596/sites/tam-pvc-gia-da/channels/live/releases/1695550729737000","version":{"name":"projects/943921599596/sites/tam-pvc-gia-da/versions/c2f2864deee4c02a","status":"FINALIZED","config":{"rewrites":[{"glob":"**","path":"/index.html"}]},"labels":{"deployment-tool":"cli-firebase"},"createTime":"2023-09-24T10:18:23.230598Z","createUser":{"email":"hoangvanbinhneu@gmail.com","imageUrl":"https://lh3.googleusercontent.com/a/ACg8ocKlwnzn-gcCJppCoy2bpyq_FnMImSiRPJTBylpvffvAlQ=mo"},"finalizeTime":"2023-09-24T10:18:49.633730Z","finalizeUser":{"email":"hoangvanbinhneu@gmail.com","imageUrl":"https://lh3.googleusercontent.com/a/ACg8ocKlwnzn-gcCJppCoy2bpyq_FnMImSiRPJTBylpvffvAlQ=mo"}},"type":"DEPLOY","releaseTime":"2023-09-24T10:18:49.737Z","releaseUser":{"email":"hoangvanbinhneu@gmail.com","imageUrl":"https://lh3.googleusercontent.com/a/ACg8ocKlwnzn-gcCJppCoy2bpyq_FnMImSiRPJTBylpvffvAlQ=mo"}}
[debug] [2023-09-24T10:18:48.915Z] [hosting] release: {"name":"projects/943921599596/sites/tam-pvc-gia-da/channels/live/releases/1695550729737000","version":{"name":"projects/943921599596/sites/tam-pvc-gia-da/versions/c2f2864deee4c02a","status":"FINALIZED","config":{"rewrites":[{"glob":"**","path":"/index.html"}]},"labels":{"deployment-tool":"cli-firebase"},"createTime":"2023-09-24T10:18:23.230598Z","createUser":{"email":"hoangvanbinhneu@gmail.com","imageUrl":"https://lh3.googleusercontent.com/a/ACg8ocKlwnzn-gcCJppCoy2bpyq_FnMImSiRPJTBylpvffvAlQ=mo"},"finalizeTime":"2023-09-24T10:18:49.633730Z","finalizeUser":{"email":"hoangvanbinhneu@gmail.com","imageUrl":"https://lh3.googleusercontent.com/a/ACg8ocKlwnzn-gcCJppCoy2bpyq_FnMImSiRPJTBylpvffvAlQ=mo"}},"type":"DEPLOY","releaseTime":"2023-09-24T10:18:49.737Z","releaseUser":{"email":"hoangvanbinhneu@gmail.com","imageUrl":"https://lh3.googleusercontent.com/a/ACg8ocKlwnzn-gcCJppCoy2bpyq_FnMImSiRPJTBylpvffvAlQ=mo"}}
[info] +  hosting[tam-pvc-gia-da]: release complete 
[info] 
[info] +  Deploy complete! 
[info] 
[info] Project Console: https://console.firebase.google.com/project/tam-pvc-gia-da/overview
[info] Hosting URL: https://tam-pvc-gia-da.web.app
[debug] [2023-09-24T10:19:20.041Z] Error: Timed out.
    at Timeout._onTimeout (C:\Users\Binh\AppData\Roaming\nvm\v18.14.2\node_modules\firebase-tools\lib\utils.js:254:49)
    at listOnTimeout (node:internal/timers:569:17)
    at process.processTimers (node:internal/timers:512:7)
[error] 
[error] Error: An unexpected error has occurred.
